Started by user [8mha:////4DXzqb/P0g4+3IeEV1FfumtMLlRmcFFdUMiwkSEQeauUAAAAlx+LCAAAAAAAAP9b85aBtbiIQTGjNKU4P08vOT+vOD8nVc83PyU1x6OyILUoJzMv2y+/JJUBAhiZGBgqihhk0NSjKDWzXb3RdlLBUSYGJk8GtpzUvPSSDB8G5tKinBIGIZ+sxLJE/ZzEvHT94JKizLx0a6BxUmjGOUNodHsLgAzWEgZu/dLi1CL9xJTczDwAj6GcLcAAAAA=[0madmin
Running as SYSTEM
Building in workspace /var/jenkins_home/workspace/test_app
The recommended git tool is: NONE
No credentials specified
 > git rev-parse --resolve-git-dir /var/jenkins_home/workspace/test_app/.git # timeout=10
Fetching changes from the remote Git repository
 > git config remote.origin.url https://github.com/anyatamax/DevOps_SberTech.git # timeout=10
Fetching upstream changes from https://github.com/anyatamax/DevOps_SberTech.git
 > git --version # timeout=10
 > git --version # 'git version 2.39.2'
 > git fetch --tags --force --progress -- https://github.com/anyatamax/DevOps_SberTech.git +refs/heads/*:refs/remotes/origin/* # timeout=10
 > git rev-parse refs/remotes/origin/lab4^{commit} # timeout=10
Checking out Revision bb6ed8cafb618fce34aa6cbce92fce10f2279d80 (refs/remotes/origin/lab4)
 > git config core.sparsecheckout # timeout=10
 > git checkout -f bb6ed8cafb618fce34aa6cbce92fce10f2279d80 # timeout=10
Commit message: "add readme"
 > git rev-list --no-walk bb6ed8cafb618fce34aa6cbce92fce10f2279d80 # timeout=10
[test_app] $ /bin/sh -xe /tmp/jenkins671292571135140934.sh
+ cd my_app
+ docker build -t app .
#1 [internal] load build definition from Dockerfile
#1 sha256:642927b6b614e8b4189a76f876d6b4752088e27e668a82a74bd10a47da4f2d81
#1 transferring dockerfile: 32B 0.0s done
#1 DONE 0.0s

#2 [internal] load .dockerignore
#2 sha256:5b9653746e44c9b4327881f681071bded6e4055fa355d126d8c1a719397f1d2e
#2 transferring context: 2B done
#2 DONE 0.0s

#3 [internal] load metadata for docker.io/library/ubuntu:latest
#3 sha256:abd44fdc5704a1f31ce24272a9c459712f2a16d9c7c7ce9bcc7a9b6c11e01aa9
#3 DONE 0.5s

#4 [1/7] FROM docker.io/library/ubuntu:latest@sha256:8eab65df33a6de2844c9aefd19efe8ddb87b7df5e9185a4ab73af936225685bb
#4 sha256:efc1c99f68cfc984c2980ee7719f93ec52e69a0cf3df478652e710c2c47b3756
#4 DONE 0.0s

#8 [internal] load build context
#8 sha256:b4961a52701ede0ab8fbd21f90557319f9d12e4e308f0813eecc3e3c884d3a2d
#8 transferring context: 18.28kB 0.1s done
#8 DONE 0.1s

#5 [2/7] RUN apt-get update -y
#5 sha256:87cad86a8f4e445f4c90d95cd8ab3b45c70206c440abc2263f4e4597f75b82d4
#5 CACHED

#6 [3/7] RUN apt-get install -y python3-pip python3-dev build-essential
#6 sha256:7e9ee34b265df92bf734bb6146aa29581d0a0d41ae71eb7c40243f80493714d3
#6 CACHED

#7 [4/7] RUN pip3 install pytest allure-pytest
#7 sha256:cc8ece1958c50ac864c2cbe6199d651d610faab064bcc5fb1687cfddf588efc0
#7 CACHED

#9 [5/7] COPY . /my_app
#9 sha256:7289e255e9faf4b12cd8e7f9caaa7769228fc258a899265331d3492d1db7efff
#9 DONE 0.0s

#10 [6/7] WORKDIR /my_app
#10 sha256:86e3e3525870a8e3bd0f9c335620e41172f7f3d64413664c654e8709e042a895
#10 DONE 0.0s

#11 [7/7] RUN python3 app.py && pytest -v test_main.py --alluredir=reports/
#11 sha256:767bf4933dd9d488df18ce0936ad1a1fa6e5e5b179b23628da990fc7cc21c123
#11 0.226 Hello 2024
#11 0.361 ============================= test session starts ==============================
#11 0.361 platform linux -- Python 3.10.12, pytest-7.4.3, pluggy-1.3.0 -- /usr/bin/python3
#11 0.361 cachedir: .pytest_cache
#11 0.361 rootdir: /my_app
#11 0.361 plugins: allure-pytest-2.13.2
#11 0.361 collecting ... collected 2 items
#11 0.366 
#11 0.366 test_main.py::TestMain::test_add PASSED                                  [ 50%]
#11 0.369 test_main.py::TestMain::test_subtract PASSED                             [100%]
#11 0.373 
#11 0.373 ============================== 2 passed in 0.01s ===============================
#11 DONE 0.4s

#12 exporting to image
#12 sha256:e8c613e07b0b7ff33893b694f7759a10d42e180f2b4dc349fb57dc6b71dcab00
#12 exporting layers 0.0s done
#12 writing image sha256:e6d0ba2ec945adcf10db17469f9b20182a6a8a4c45d00d67948c207066a96098 done
#12 naming to docker.io/library/app done
#12 DONE 0.1s
[test_app] $ /bin/sh -xe /tmp/jenkins11724770612773243077.sh
+ docker run --name jenkins_app app
[test_app] $ /bin/sh -xe /tmp/jenkins10028188304408876476.sh
+ docker cp jenkins_app:/my_app/reports my_app/reports/
[test_app] $ /var/jenkins_home/tools/hudson.plugins.sonar.SonarRunnerInstallation/SonarQube_5/bin/sonar-scanner -X -Dsonar.host.url=http://localhost:9000 ******** -Dsonar.language=python -Dsonar.projectBaseDir=/var/lib/jenkins/workspace/my_app -Dsonar.host.url=https://da32-188-244-13-153.ngrok-free.app -Dsonar.projectVersion=1.0 -Dsonar.sources=. -Dsonar.analysis.mode=publish -Dsonar.verbose=true
15:36:10.487 WARN: Property 'sonar.host.url' with value 'http://localhost:9000' is overridden with value 'https://da32-188-244-13-153.ngrok-free.app'
15:36:10.492 WARN: Property 'sonar.verbose' with value 'true' is overridden with value 'true'
15:36:10.495 INFO: Scanner configuration file: /var/jenkins_home/tools/hudson.plugins.sonar.SonarRunnerInstallation/SonarQube_5/conf/sonar-scanner.properties
15:36:10.497 INFO: Project root configuration file: NONE
15:36:10.522 INFO: SonarScanner 5.0.1.3006
15:36:10.522 INFO: Java 17.0.9 Eclipse Adoptium (64-bit)
15:36:10.522 INFO: Linux 5.15.49-linuxkit aarch64
15:36:10.628 DEBUG: keyStore is : 
15:36:10.628 DEBUG: keyStore type is : pkcs12
15:36:10.628 DEBUG: keyStore provider is : 
15:36:10.628 DEBUG: init keystore
15:36:10.628 DEBUG: init keymanager of type SunX509
15:36:10.704 DEBUG: Create: /root/.sonar/cache
15:36:10.704 INFO: User cache: /root/.sonar/cache
15:36:10.704 DEBUG: Create: /root/.sonar/cache/_tmp
15:36:10.706 DEBUG: Extract sonar-scanner-api-batch in temp...
15:36:10.708 DEBUG: Get bootstrap index...
15:36:10.708 DEBUG: Download: https://da32-188-244-13-153.ngrok-free.app/batch/index
15:36:11.101 DEBUG: Get bootstrap completed
15:36:11.103 DEBUG: Create isolated classloader...
15:36:11.111 DEBUG: Start temp cleaning...
15:36:11.113 DEBUG: Temp cleaning done
15:36:11.113 DEBUG: Execution getVersion
15:36:11.127 INFO: Analyzing on SonarQube server 10.3.0.82913
15:36:11.127 INFO: Default locale: "en", source code encoding: "UTF-8" (analysis is platform dependent)
15:36:11.128 INFO: ------------------------------------------------------------------------
15:36:11.128 INFO: EXECUTION FAILURE
15:36:11.128 INFO: ------------------------------------------------------------------------
15:36:11.128 INFO: Total time: 0.634s
15:36:11.153 INFO: Final Memory: 4M/17M
15:36:11.154 INFO: ------------------------------------------------------------------------
15:36:11.154 ERROR: Error during SonarScanner execution
java.lang.IllegalStateException: Project home must be an existing directory: /var/lib/jenkins/workspace/my_app
	at org.sonarsource.scanner.api.Dirs.initProjectDirs(Dirs.java:51)
	at org.sonarsource.scanner.api.Dirs.init(Dirs.java:41)
	at org.sonarsource.scanner.api.EmbeddedScanner.initAnalysisProperties(EmbeddedScanner.java:158)
	at org.sonarsource.scanner.api.EmbeddedScanner.execute(EmbeddedScanner.java:137)
	at org.sonarsource.scanner.cli.Main.execute(Main.java:126)
	at org.sonarsource.scanner.cli.Main.execute(Main.java:81)
	at org.sonarsource.scanner.cli.Main.main(Main.java:62)
WARN: Unable to locate 'report-task.txt' in the workspace. Did the SonarScanner succeed?
ERROR: SonarQube scanner exited with non-zero code: 1
[test_app] $ /var/jenkins_home/tools/ru.yandex.qatools.allure.jenkins.tools.AllureCommandlineInstallation/allure/bin/allure generate /var/jenkins_home/workspace/test_app/MY_APP/REPORTS -c -o /var/jenkins_home/workspace/test_app/allure-report
Report successfully generated to /var/jenkins_home/workspace/test_app/allure-report
Allure report was successfully generated.
Creating artifact for the build.
Artifact was added to the build.
Finished: FAILURE
