Started by user [8mha:////4DXzqb/P0g4+3IeEV1FfumtMLlRmcFFdUMiwkSEQeauUAAAAlx+LCAAAAAAAAP9b85aBtbiIQTGjNKU4P08vOT+vOD8nVc83PyU1x6OyILUoJzMv2y+/JJUBAhiZGBgqihhk0NSjKDWzXb3RdlLBUSYGJk8GtpzUvPSSDB8G5tKinBIGIZ+sxLJE/ZzEvHT94JKizLx0a6BxUmjGOUNodHsLgAzWEgZu/dLi1CL9xJTczDwAj6GcLcAAAAA=[0madmin
Running as SYSTEM
Building in workspace /var/jenkins_home/workspace/test_app
The recommended git tool is: NONE
No credentials specified
 > git rev-parse --resolve-git-dir /var/jenkins_home/workspace/test_app/.git # timeout=10
Fetching changes from the remote Git repository
 > git config remote.origin.url https://github.com/anyatamax/DevOps_SberTech.git # timeout=10
Fetching upstream changes from https://github.com/anyatamax/DevOps_SberTech.git
 > git --version # timeout=10
 > git --version # 'git version 2.39.2'
 > git fetch --tags --force --progress -- https://github.com/anyatamax/DevOps_SberTech.git +refs/heads/*:refs/remotes/origin/* # timeout=10
 > git rev-parse refs/remotes/origin/lab4^{commit} # timeout=10
Checking out Revision bb6ed8cafb618fce34aa6cbce92fce10f2279d80 (refs/remotes/origin/lab4)
 > git config core.sparsecheckout # timeout=10
 > git checkout -f bb6ed8cafb618fce34aa6cbce92fce10f2279d80 # timeout=10
Commit message: "add readme"
 > git rev-list --no-walk bb6ed8cafb618fce34aa6cbce92fce10f2279d80 # timeout=10
[test_app] $ /bin/sh -xe /tmp/jenkins504239540612208364.sh
+ cd my_app
+ docker build -t app .
#1 [internal] load build definition from Dockerfile
#1 sha256:802edb8d22ea942429553435738720f570ae2dab59a1b1de198d948ac43f8b15
#1 transferring dockerfile: 32B 0.0s done
#1 DONE 0.0s

#2 [internal] load .dockerignore
#2 sha256:3dd5d50b7060791f27a6d0a4932722c1b649db23a220b40f58e09b5ea2f4f122
#2 transferring context: 2B done
#2 DONE 0.0s

#3 [internal] load metadata for docker.io/library/ubuntu:latest
#3 sha256:abd44fdc5704a1f31ce24272a9c459712f2a16d9c7c7ce9bcc7a9b6c11e01aa9
#3 DONE 0.6s

#4 [1/7] FROM docker.io/library/ubuntu:latest@sha256:8eab65df33a6de2844c9aefd19efe8ddb87b7df5e9185a4ab73af936225685bb
#4 sha256:efc1c99f68cfc984c2980ee7719f93ec52e69a0cf3df478652e710c2c47b3756
#4 DONE 0.0s

#8 [internal] load build context
#8 sha256:ca3fa0a2b5a2fb1aff32c5ba8ffc1c99fc1a00f3f87db18863837437b1c59d22
#8 transferring context: 46.26kB 0.1s done
#8 DONE 0.1s

#5 [2/7] RUN apt-get update -y
#5 sha256:87cad86a8f4e445f4c90d95cd8ab3b45c70206c440abc2263f4e4597f75b82d4
#5 CACHED

#6 [3/7] RUN apt-get install -y python3-pip python3-dev build-essential
#6 sha256:7e9ee34b265df92bf734bb6146aa29581d0a0d41ae71eb7c40243f80493714d3
#6 CACHED

#7 [4/7] RUN pip3 install pytest allure-pytest
#7 sha256:cc8ece1958c50ac864c2cbe6199d651d610faab064bcc5fb1687cfddf588efc0
#7 CACHED

#9 [5/7] COPY . /my_app
#9 sha256:6b6f8e2a3e7f51ef65327144705ee07f63a2e8cf494f935a394bb724a5d53e57
#9 DONE 0.0s

#10 [6/7] WORKDIR /my_app
#10 sha256:15e6ca212ea7f7bd41ab4c0d274a9fce77e918bc26111544ca762a464c83b110
#10 DONE 0.0s

#11 [7/7] RUN python3 app.py && pytest -v test_main.py --alluredir=reports/
#11 sha256:f3b26ca6366349b0bf7cfa65336c3d4e16dc7d6e60c5facb3219e16905b4fd5e
#11 0.182 Hello 2024
#11 0.308 ============================= test session starts ==============================
#11 0.308 platform linux -- Python 3.10.12, pytest-7.4.3, pluggy-1.3.0 -- /usr/bin/python3
#11 0.308 cachedir: .pytest_cache
#11 0.308 rootdir: /my_app
#11 0.308 plugins: allure-pytest-2.13.2
#11 0.308 collecting ... collected 2 items
#11 0.310 
#11 0.310 test_main.py::TestMain::test_add PASSED                                  [ 50%]
#11 0.312 test_main.py::TestMain::test_subtract PASSED                             [100%]
#11 0.314 
#11 0.314 ============================== 2 passed in 0.01s ===============================
#11 DONE 0.3s

#12 exporting to image
#12 sha256:e8c613e07b0b7ff33893b694f7759a10d42e180f2b4dc349fb57dc6b71dcab00
#12 exporting layers 0.0s done
#12 writing image sha256:3b709d13056d95f1f79a9f558bc0c87a65acfe3efab5e5ab286e373c23ae1b83 done
#12 naming to docker.io/library/app done
#12 DONE 0.0s
[test_app] $ /bin/sh -xe /tmp/jenkins4787423959104485166.sh
+ docker run --name jenkins_app app
[test_app] $ /bin/sh -xe /tmp/jenkins2064100298541943966.sh
+ docker cp jenkins_app:/my_app/reports my_app/reports/
[test_app] $ /var/jenkins_home/tools/hudson.plugins.sonar.SonarRunnerInstallation/SonarQube_5/bin/sonar-scanner -X -Dsonar.host.url=http://localhost:9000 ******** -Dsonar.language=python -Dsonar.projectBaseDir=my_app -Dsonar.host.url=https://da32-188-244-13-153.ngrok-free.app -Dsonar.projectVersion=1.0 -Dsonar.sources=. -Dsonar.analysis.mode=publish -Dsonar.verbose=true
15:37:14.922 WARN: Property 'sonar.host.url' with value 'http://localhost:9000' is overridden with value 'https://da32-188-244-13-153.ngrok-free.app'
15:37:14.928 WARN: Property 'sonar.verbose' with value 'true' is overridden with value 'true'
15:37:14.931 INFO: Scanner configuration file: /var/jenkins_home/tools/hudson.plugins.sonar.SonarRunnerInstallation/SonarQube_5/conf/sonar-scanner.properties
15:37:14.948 INFO: Project root configuration file: NONE
15:37:14.978 INFO: SonarScanner 5.0.1.3006
15:37:14.979 INFO: Java 17.0.9 Eclipse Adoptium (64-bit)
15:37:14.979 INFO: Linux 5.15.49-linuxkit aarch64
15:37:15.084 DEBUG: keyStore is : 
15:37:15.085 DEBUG: keyStore type is : pkcs12
15:37:15.085 DEBUG: keyStore provider is : 
15:37:15.085 DEBUG: init keystore
15:37:15.085 DEBUG: init keymanager of type SunX509
15:37:15.179 DEBUG: Create: /root/.sonar/cache
15:37:15.180 INFO: User cache: /root/.sonar/cache
15:37:15.180 DEBUG: Create: /root/.sonar/cache/_tmp
15:37:15.182 DEBUG: Extract sonar-scanner-api-batch in temp...
15:37:15.185 DEBUG: Get bootstrap index...
15:37:15.185 DEBUG: Download: https://da32-188-244-13-153.ngrok-free.app/batch/index
15:37:15.603 DEBUG: Get bootstrap completed
15:37:15.607 DEBUG: Create isolated classloader...
15:37:15.622 DEBUG: Start temp cleaning...
15:37:15.625 DEBUG: Temp cleaning done
15:37:15.625 DEBUG: Execution getVersion
15:37:15.640 INFO: Analyzing on SonarQube server 10.3.0.82913
15:37:15.641 INFO: Default locale: "en", source code encoding: "UTF-8" (analysis is platform dependent)
15:37:15.641 DEBUG: Work directory: /var/jenkins_home/workspace/test_app/my_app/.scannerwork
15:37:15.642 DEBUG: Execution execute
15:37:15.908 DEBUG: Community 10.3.0.82913
15:37:16.149 INFO: Load global settings
15:37:16.467 DEBUG: GET 200 https://da32-188-244-13-153.ngrok-free.app/api/settings/values.protobuf | time=318ms
15:37:16.500 INFO: Load global settings (done) | time=351ms
15:37:16.501 INFO: Server id: 147B411E-AYxUQBapzNpIsTSa5Xhz
15:37:16.504 INFO: User cache: /root/.sonar/cache
15:37:16.506 INFO: Load/download plugins
15:37:16.506 INFO: Load plugins index
15:37:16.612 DEBUG: GET 200 https://da32-188-244-13-153.ngrok-free.app/api/plugins/installed | time=106ms
15:37:16.637 INFO: Load plugins index (done) | time=131ms
15:37:16.736 INFO: Load/download plugins (done) | time=230ms
15:37:16.791 DEBUG: Plugins:
15:37:16.792 DEBUG:   * Python Code Quality and Security 4.10.0.13725 (python)
15:37:16.792 DEBUG:   * Clean as You Code 2.2.2.656 (cayc)
15:37:16.792 DEBUG:   * Go Code Quality and Security 1.15.0.4655 (go)
15:37:16.792 DEBUG:   * JaCoCo 1.3.0.1538 (jacoco)
15:37:16.792 DEBUG:   * Kotlin Code Quality and Security 2.18.0.2938 (kotlin)
15:37:16.792 DEBUG:   * IaC Code Quality and Security 1.22.0.7057 (iac)
15:37:16.792 DEBUG:   * JavaScript/TypeScript/CSS Code Quality and Security 10.9.0.24449 (javascript)
15:37:16.792 DEBUG:   * Ruby Code Quality and Security 1.15.0.4655 (ruby)
15:37:16.792 DEBUG:   * Scala Code Quality and Security 1.15.0.4655 (sonarscala)
15:37:16.792 DEBUG:   * C# Code Quality and Security 9.13.0.79967 (csharp)
15:37:16.792 DEBUG:   * Java Code Quality and Security 7.27.1.33504 (java)
15:37:16.792 DEBUG:   * HTML Code Quality and Security 3.11.0.4708 (web)
15:37:16.792 DEBUG:   * Flex Code Quality and Security 2.12.0.4568 (flex)
15:37:16.792 DEBUG:   * XML Code Quality and Security 2.10.0.4108 (xml)
15:37:16.792 DEBUG:   * PHP Code Quality and Security 3.33.0.11274 (php)
15:37:16.792 DEBUG:   * Text Code Quality and Security 2.7.1.1388 (text)
15:37:16.792 DEBUG:   * VB.NET Code Quality and Security 9.13.0.79967 (vbnet)
15:37:16.792 DEBUG:   * Configuration detection for Code Quality and Security 1.3.0.654 (config)
15:37:17.294 INFO: Process project properties
15:37:17.301 INFO: ------------------------------------------------------------------------
15:37:17.301 INFO: EXECUTION FAILURE
15:37:17.301 INFO: ------------------------------------------------------------------------
15:37:17.302 INFO: Total time: 2.371s
15:37:17.319 INFO: Final Memory: 8M/34M
15:37:17.320 INFO: ------------------------------------------------------------------------
15:37:17.320 ERROR: Error during SonarScanner execution
org.springframework.beans.factory.UnsatisfiedDependencyException: Error creating bean with name 'ClassRealm{javascript}-org.sonar.plugins.javascript.bridge.BridgeServerImpl': Unsatisfied dependency expressed through constructor parameter 4; nested exception is org.springframework.beans.factory.UnsatisfiedDependencyException: Error creating bean with name 'AnalysisTempFolder' defined in org.sonar.scanner.analysis.AnalysisTempFolderProvider: Unsatisfied dependency expressed through method 'provide' parameter 0; nested exception is org.springframework.beans.factory.UnsatisfiedDependencyException: Error creating bean with name 'DefaultInputProject' defined in org.sonar.scanner.scan.InputProjectProvider: Unsatisfied dependency expressed through method 'provide' parameter 2; nested exception is org.springframework.beans.factory.BeanCreationException: Error creating bean with name 'ProjectReactor' defined in org.sonar.scanner.scan.MutableProjectReactorProvider: Bean instantiation via factory method failed; nested exception is org.springframework.beans.BeanInstantiationException: Failed to instantiate [org.sonar.api.batch.bootstrap.ProjectReactor]: Factory method 'provide' threw exception; nested exception is You must define the following mandatory properties for 'Unknown': sonar.projectKey
	at org.springframework.beans.factory.support.ConstructorResolver.createArgumentArray(ConstructorResolver.java:800)
	at org.springframework.beans.factory.support.ConstructorResolver.autowireConstructor(ConstructorResolver.java:229)
	at org.springframework.beans.factory.support.AbstractAutowireCapableBeanFactory.autowireConstructor(AbstractAutowireCapableBeanFactory.java:1372)
	at org.springframework.beans.factory.support.AbstractAutowireCapableBeanFactory.createBeanInstance(AbstractAutowireCapableBeanFactory.java:1228)
	at org.springframework.beans.factory.support.AbstractAutowireCapableBeanFactory.doCreateBean(AbstractAutowireCapableBeanFactory.java:582)
	at org.springframework.beans.factory.support.AbstractAutowireCapableBeanFactory.createBean(AbstractAutowireCapableBeanFactory.java:542)
	at org.springframework.beans.factory.support.AbstractBeanFactory.lambda$doGetBean$0(AbstractBeanFactory.java:335)
	at org.springframework.beans.factory.support.DefaultSingletonBeanRegistry.getSingleton(DefaultSingletonBeanRegistry.java:234)
	at org.springframework.beans.factory.support.AbstractBeanFactory.doGetBean(AbstractBeanFactory.java:333)
	at org.springframework.beans.factory.support.AbstractBeanFactory.getBean(AbstractBeanFactory.java:208)
	at org.springframework.beans.factory.support.DefaultListableBeanFactory.preInstantiateSingletons(DefaultListableBeanFactory.java:955)
	at org.springframework.context.support.AbstractApplicationContext.finishBeanFactoryInitialization(AbstractApplicationContext.java:920)
	at org.springframework.context.support.AbstractApplicationContext.refresh(AbstractApplicationContext.java:583)
	at org.sonar.core.platform.SpringComponentContainer.startComponents(SpringComponentContainer.java:200)
	at org.sonar.core.platform.SpringComponentContainer.execute(SpringComponentContainer.java:180)
	at org.sonar.scanner.bootstrap.SpringGlobalContainer.doAfterStart(SpringGlobalContainer.java:139)
	at org.sonar.core.platform.SpringComponentContainer.startComponents(SpringComponentContainer.java:201)
	at org.sonar.core.platform.SpringComponentContainer.execute(SpringComponentContainer.java:180)
	at org.sonar.batch.bootstrapper.Batch.doExecute(Batch.java:71)
	at org.sonar.batch.bootstrapper.Batch.execute(Batch.java:65)
	at org.sonarsource.scanner.api.internal.batch.BatchIsolatedLauncher.execute(BatchIsolatedLauncher.java:46)
	at java.base/jdk.internal.reflect.NativeMethodAccessorImpl.invoke0(Native Method)
	at java.base/jdk.internal.reflect.NativeMethodAccessorImpl.invoke(NativeMethodAccessorImpl.java:77)
	at java.base/jdk.internal.reflect.DelegatingMethodAccessorImpl.invoke(DelegatingMethodAccessorImpl.java:43)
	at java.base/java.lang.reflect.Method.invoke(Method.java:568)
	at org.sonarsource.scanner.api.internal.IsolatedLauncherProxy.invoke(IsolatedLauncherProxy.java:60)
	at jdk.proxy1/jdk.proxy1.$Proxy0.execute(Unknown Source)
	at org.sonarsource.scanner.api.EmbeddedScanner.doExecute(EmbeddedScanner.java:189)
	at org.sonarsource.scanner.api.EmbeddedScanner.execute(EmbeddedScanner.java:138)
	at org.sonarsource.scanner.cli.Main.execute(Main.java:126)
	at org.sonarsource.scanner.cli.Main.execute(Main.java:81)
	at org.sonarsource.scanner.cli.Main.main(Main.java:62)
Caused by: org.springframework.beans.factory.UnsatisfiedDependencyException: Error creating bean with name 'AnalysisTempFolder' defined in org.sonar.scanner.analysis.AnalysisTempFolderProvider: Unsatisfied dependency expressed through method 'provide' parameter 0; nested exception is org.springframework.beans.factory.UnsatisfiedDependencyException: Error creating bean with name 'DefaultInputProject' defined in org.sonar.scanner.scan.InputProjectProvider: Unsatisfied dependency expressed through method 'provide' parameter 2; nested exception is org.springframework.beans.factory.BeanCreationException: Error creating bean with name 'ProjectReactor' defined in org.sonar.scanner.scan.MutableProjectReactorProvider: Bean instantiation via factory method failed; nested exception is org.springframework.beans.BeanInstantiationException: Failed to instantiate [org.sonar.api.batch.bootstrap.ProjectReactor]: Factory method 'provide' threw exception; nested exception is You must define the following mandatory properties for 'Unknown': sonar.projectKey
	at org.springframework.beans.factory.support.ConstructorResolver.createArgumentArray(ConstructorResolver.java:800)
	at org.springframework.beans.factory.support.ConstructorResolver.instantiateUsingFactoryMethod(ConstructorResolver.java:541)
	at org.springframework.beans.factory.support.AbstractAutowireCapableBeanFactory.instantiateUsingFactoryMethod(AbstractAutowireCapableBeanFactory.java:1352)
	at org.springframework.beans.factory.support.AbstractAutowireCapableBeanFactory.createBeanInstance(AbstractAutowireCapableBeanFactory.java:1195)
	at org.springframework.beans.factory.support.AbstractAutowireCapableBeanFactory.doCreateBean(AbstractAutowireCapableBeanFactory.java:582)
	at org.springframework.beans.factory.support.AbstractAutowireCapableBeanFactory.createBean(AbstractAutowireCapableBeanFactory.java:542)
	at org.springframework.beans.factory.support.AbstractBeanFactory.lambda$doGetBean$0(AbstractBeanFactory.java:335)
	at org.springframework.beans.factory.support.DefaultSingletonBeanRegistry.getSingleton(DefaultSingletonBeanRegistry.java:234)
	at org.springframework.beans.factory.support.AbstractBeanFactory.doGetBean(AbstractBeanFactory.java:333)
	at org.springframework.beans.factory.support.AbstractBeanFactory.getBean(AbstractBeanFactory.java:208)
	at org.springframework.beans.factory.config.DependencyDescriptor.resolveCandidate(DependencyDescriptor.java:276)
	at org.springframework.beans.factory.support.DefaultListableBeanFactory.doResolveDependency(DefaultListableBeanFactory.java:1391)
	at org.springframework.beans.factory.support.DefaultListableBeanFactory.resolveDependency(DefaultListableBeanFactory.java:1311)
	at org.springframework.beans.factory.support.ConstructorResolver.resolveAutowiredArgument(ConstructorResolver.java:887)
	at org.springframework.beans.factory.support.ConstructorResolver.createArgumentArray(ConstructorResolver.java:791)
	... 31 more
Caused by: org.springframework.beans.factory.UnsatisfiedDependencyException: Error creating bean with name 'DefaultInputProject' defined in org.sonar.scanner.scan.InputProjectProvider: Unsatisfied dependency expressed through method 'provide' parameter 2; nested exception is org.springframework.beans.factory.BeanCreationException: Error creating bean with name 'ProjectReactor' defined in org.sonar.scanner.scan.MutableProjectReactorProvider: Bean instantiation via factory method failed; nested exception is org.springframework.beans.BeanInstantiationException: Failed to instantiate [org.sonar.api.batch.bootstrap.ProjectReactor]: Factory method 'provide' threw exception; nested exception is You must define the following mandatory properties for 'Unknown': sonar.projectKey
	at org.springframework.beans.factory.support.ConstructorResolver.createArgumentArray(ConstructorResolver.java:800)
	at org.springframework.beans.factory.support.ConstructorResolver.instantiateUsingFactoryMethod(ConstructorResolver.java:541)
	at org.springframework.beans.factory.support.AbstractAutowireCapableBeanFactory.instantiateUsingFactoryMethod(AbstractAutowireCapableBeanFactory.java:1352)
	at org.springframework.beans.factory.support.AbstractAutowireCapableBeanFactory.createBeanInstance(AbstractAutowireCapableBeanFactory.java:1195)
	at org.springframework.beans.factory.support.AbstractAutowireCapableBeanFactory.doCreateBean(AbstractAutowireCapableBeanFactory.java:582)
	at org.springframework.beans.factory.support.AbstractAutowireCapableBeanFactory.createBean(AbstractAutowireCapableBeanFactory.java:542)
	at org.springframework.beans.factory.support.AbstractBeanFactory.lambda$doGetBean$0(AbstractBeanFactory.java:335)
	at org.springframework.beans.factory.support.DefaultSingletonBeanRegistry.getSingleton(DefaultSingletonBeanRegistry.java:234)
	at org.springframework.beans.factory.support.AbstractBeanFactory.doGetBean(AbstractBeanFactory.java:333)
	at org.springframework.beans.factory.support.AbstractBeanFactory.getBean(AbstractBeanFactory.java:208)
	at org.springframework.beans.factory.config.DependencyDescriptor.resolveCandidate(DependencyDescriptor.java:276)
	at org.springframework.beans.factory.support.DefaultListableBeanFactory.doResolveDependency(DefaultListableBeanFactory.java:1391)
	at org.springframework.beans.factory.support.DefaultListableBeanFactory.resolveDependency(DefaultListableBeanFactory.java:1311)
	at org.springframework.beans.factory.support.ConstructorResolver.resolveAutowiredArgument(ConstructorResolver.java:887)
	at org.springframework.beans.factory.support.ConstructorResolver.createArgumentArray(ConstructorResolver.java:791)
	... 45 more
Caused by: org.springframework.beans.factory.BeanCreationException: Error creating bean with name 'ProjectReactor' defined in org.sonar.scanner.scan.MutableProjectReactorProvider: Bean instantiation via factory method failed; nested exception is org.springframework.beans.BeanInstantiationException: Failed to instantiate [org.sonar.api.batch.bootstrap.ProjectReactor]: Factory method 'provide' threw exception; nested exception is You must define the following mandatory properties for 'Unknown': sonar.projectKey
	at org.springframework.beans.factory.support.ConstructorResolver.instantiate(ConstructorResolver.java:658)
	at org.springframework.beans.factory.support.ConstructorResolver.instantiateUsingFactoryMethod(ConstructorResolver.java:638)
	at org.springframework.beans.factory.support.AbstractAutowireCapableBeanFactory.instantiateUsingFactoryMethod(AbstractAutowireCapableBeanFactory.java:1352)
	at org.springframework.beans.factory.support.AbstractAutowireCapableBeanFactory.createBeanInstance(AbstractAutowireCapableBeanFactory.java:1195)
	at org.springframework.beans.factory.support.AbstractAutowireCapableBeanFactory.doCreateBean(AbstractAutowireCapableBeanFactory.java:582)
	at org.springframework.beans.factory.support.AbstractAutowireCapableBeanFactory.createBean(AbstractAutowireCapableBeanFactory.java:542)
	at org.springframework.beans.factory.support.AbstractBeanFactory.lambda$doGetBean$0(AbstractBeanFactory.java:335)
	at org.springframework.beans.factory.support.DefaultSingletonBeanRegistry.getSingleton(DefaultSingletonBeanRegistry.java:234)
	at org.springframework.beans.factory.support.AbstractBeanFactory.doGetBean(AbstractBeanFactory.java:333)
	at org.springframework.beans.factory.support.AbstractBeanFactory.getBean(AbstractBeanFactory.java:208)
	at org.springframework.beans.factory.config.DependencyDescriptor.resolveCandidate(DependencyDescriptor.java:276)
	at org.springframework.beans.factory.support.DefaultListableBeanFactory.doResolveDependency(DefaultListableBeanFactory.java:1391)
	at org.springframework.beans.factory.support.DefaultListableBeanFactory.resolveDependency(DefaultListableBeanFactory.java:1311)
	at org.springframework.beans.factory.support.ConstructorResolver.resolveAutowiredArgument(ConstructorResolver.java:887)
	at org.springframework.beans.factory.support.ConstructorResolver.createArgumentArray(ConstructorResolver.java:791)
	... 59 more
Caused by: org.springframework.beans.BeanInstantiationException: Failed to instantiate [org.sonar.api.batch.bootstrap.ProjectReactor]: Factory method 'provide' threw exception; nested exception is You must define the following mandatory properties for 'Unknown': sonar.projectKey
	at org.springframework.beans.factory.support.SimpleInstantiationStrategy.instantiate(SimpleInstantiationStrategy.java:185)
	at org.springframework.beans.factory.support.ConstructorResolver.instantiate(ConstructorResolver.java:653)
	... 73 more
Caused by: You must define the following mandatory properties for 'Unknown': sonar.projectKey
WARN: Unable to locate 'report-task.txt' in the workspace. Did the SonarScanner succeed?
ERROR: SonarQube scanner exited with non-zero code: 1
[test_app] $ /var/jenkins_home/tools/ru.yandex.qatools.allure.jenkins.tools.AllureCommandlineInstallation/allure/bin/allure generate /var/jenkins_home/workspace/test_app/MY_APP/REPORTS -c -o /var/jenkins_home/workspace/test_app/allure-report
Report successfully generated to /var/jenkins_home/workspace/test_app/allure-report
Allure report was successfully generated.
Creating artifact for the build.
Artifact was added to the build.
Finished: FAILURE
